<?xml version="1.0" encoding="UTF-8"?>
<!-- Generated by org.testng.reporters.JUnitReportReporter -->
<testsuite hostname="DESKTOP-2T2VDPU" failures="0" tests="1" name="variousConcepts.learnTestNG" time="5.285" errors="0" timestamp="2022-06-27T13:45:08 PDT" skipped="0">
  <testcase classname="variousConcepts.learnTestNG" name="loginTest" time="5.285"/>
  <system-out/>
</testsuite> <!-- variousConcepts.learnTestNG -->
